<?xml version="1.0" encoding="UTF-8"?>
<!-- Generated by org.testng.reporters.JUnitReportReporter -->
<testsuite skipped="1" hostname="DESKTOP-GLRLHRK" name="test.scanario.DataDriver$DemoTest" tests="1" failures="0" timestamp="2020-07-15T06:44:05 PDT" time="0.000" errors="0">
  <testcase name="test1" time="0.000" classname="test.scanario.DataDriver$DemoTest">
    <skipped/>
  </testcase> <!-- test1 -->
  <system-out/>
</testsuite> <!-- test.scanario.DataDriver$DemoTest -->
