<?xml version="1.0" encoding="UTF-8"?>
<!-- Generated by org.testng.reporters.JUnitReportReporter -->
<testsuite skipped="0" hostname="DESKTOP-GLRLHRK" name="test.scanario.DataDriver" tests="1" failures="0" timestamp="2020-08-22T12:08:29 IST" time="20.730" errors="0">
  <testcase name="registeruser" time="20.730" classname="test.scanario.DataDriver"/>
  <system-out/>
</testsuite> <!-- test.scanario.DataDriver -->
